0 info it worked if it ends with ok
1 verbose cli [ '/usr/bin/node', '/usr/bin/npm', 'install', '-g', 'bower' ]
2 info using npm@1.4.3
3 info using node@v0.10.26
4 verbose node symlink /usr/bin/node
5 verbose cache add [ 'bower', null ]
6 verbose cache add name=undefined spec="bower" args=["bower",null]
7 verbose parsed url { protocol: null,
7 verbose parsed url   slashes: null,
7 verbose parsed url   auth: null,
7 verbose parsed url   host: null,
7 verbose parsed url   port: null,
7 verbose parsed url   hostname: null,
7 verbose parsed url   hash: null,
7 verbose parsed url   search: null,
7 verbose parsed url   query: null,
7 verbose parsed url   pathname: 'bower',
7 verbose parsed url   path: 'bower',
7 verbose parsed url   href: 'bower' }
8 silly lockFile 206e3ce5-bower bower
9 verbose lock bower /home/ezequely/.npm/206e3ce5-bower.lock
10 silly lockFile 206e3ce5-bower bower
11 silly lockFile 206e3ce5-bower bower
12 verbose addNamed [ 'bower', '' ]
13 verbose addNamed [ null, '*' ]
14 silly lockFile 1240aab1-bower bower@
15 verbose lock bower@ /home/ezequely/.npm/1240aab1-bower.lock
16 silly addNameRange { name: 'bower', range: '*', hasData: false }
17 verbose url raw bower
18 verbose url resolving [ 'https://registry.npmjs.org/', './bower' ]
19 verbose url resolved https://registry.npmjs.org/bower
20 info trying registry request attempt 1 at 12:33:10
21 http GET https://registry.npmjs.org/bower
22 http 200 https://registry.npmjs.org/bower
23 silly registry.get cb [ 200,
23 silly registry.get   { date: 'Sun, 02 Mar 2014 15:33:13 GMT',
23 silly registry.get     server: 'CouchDB/1.5.0 (Erlang OTP/R16B)',
23 silly registry.get     etag: '"2WWJBF6BB0QBQG9KCCNPRO54T"',
23 silly registry.get     'content-type': 'application/json',
23 silly registry.get     'cache-control': 'max-age=1',
23 silly registry.get     'content-length': '83747',
23 silly registry.get     'accept-ranges': 'bytes',
23 silly registry.get     via: '1.1 varnish',
23 silly registry.get     age: '0',
23 silly registry.get     'x-served-by': 'cache-v36-ASH',
23 silly registry.get     'x-cache': 'MISS',
23 silly registry.get     'x-cache-hits': '0',
23 silly registry.get     'x-timer': 'S1393774393.544792175,VS0,VE154',
23 silly registry.get     vary: 'Accept',
23 silly registry.get     'keep-alive': 'timeout=10, max=50',
23 silly registry.get     connection: 'Keep-Alive' } ]
24 silly addNameRange number 2 { name: 'bower', range: '*', hasData: true }
25 silly addNameRange versions [ 'bower',
25 silly addNameRange   [ '0.1.0',
25 silly addNameRange     '0.1.2',
25 silly addNameRange     '0.1.3',
25 silly addNameRange     '0.2.0',
25 silly addNameRange     '0.3.0',
25 silly addNameRange     '0.3.1',
25 silly addNameRange     '0.3.2',
25 silly addNameRange     '0.4.0',
25 silly addNameRange     '0.5.0',
25 silly addNameRange     '0.5.1',
25 silly addNameRange     '0.6.0',
25 silly addNameRange     '0.6.1',
25 silly addNameRange     '0.6.2',
25 silly addNameRange     '0.6.3',
25 silly addNameRange     '0.6.4',
25 silly addNameRange     '0.6.5',
25 silly addNameRange     '0.6.6',
25 silly addNameRange     '0.6.7',
25 silly addNameRange     '0.6.8',
25 silly addNameRange     '0.7.0',
25 silly addNameRange     '0.7.1',
25 silly addNameRange     '0.8.0',
25 silly addNameRange     '0.8.1',
25 silly addNameRange     '0.8.2',
25 silly addNameRange     '0.8.3',
25 silly addNameRange     '0.8.4',
25 silly addNameRange     '0.8.5',
25 silly addNameRange     '0.8.6',
25 silly addNameRange     '0.9.0',
25 silly addNameRange     '0.9.1',
25 silly addNameRange     '0.9.2',
25 silly addNameRange     '0.10.0',
25 silly addNameRange     '1.0.0',
25 silly addNameRange     '1.0.1',
25 silly addNameRange     '1.0.2',
25 silly addNameRange     '1.0.3',
25 silly addNameRange     '1.1.0',
25 silly addNameRange     '1.1.1',
25 silly addNameRange     '1.1.2',
25 silly addNameRange     '1.2.0',
25 silly addNameRange     '1.2.1',
25 silly addNameRange     '1.2.2',
25 silly addNameRange     '1.2.3',
25 silly addNameRange     '1.2.4',
25 silly addNameRange     '1.2.5',
25 silly addNameRange     '1.2.6',
25 silly addNameRange     '1.2.7',
25 silly addNameRange     '1.2.8' ] ]
26 verbose addNamed [ 'bower', '1.2.8' ]
27 verbose addNamed [ '1.2.8', '1.2.8' ]
28 silly lockFile f0910d34-bower-1-2-8 bower@1.2.8
29 verbose lock bower@1.2.8 /home/ezequely/.npm/f0910d34-bower-1-2-8.lock
30 silly lockFile f9776a33--npmjs-org-bower-bower-1-2-8-tgz https://registry.npmjs.org/bower/-/bower-1.2.8.tgz
31 verbose lock https://registry.npmjs.org/bower/-/bower-1.2.8.tgz /home/ezequely/.npm/f9776a33--npmjs-org-bower-bower-1-2-8-tgz.lock
32 verbose addRemoteTarball [ 'https://registry.npmjs.org/bower/-/bower-1.2.8.tgz',
32 verbose addRemoteTarball   'f63c0804a267d5ffaf2fd3fd488367e73dce202f' ]
33 silly lockFile f9776a33--npmjs-org-bower-bower-1-2-8-tgz https://registry.npmjs.org/bower/-/bower-1.2.8.tgz
34 silly lockFile f9776a33--npmjs-org-bower-bower-1-2-8-tgz https://registry.npmjs.org/bower/-/bower-1.2.8.tgz
35 silly lockFile f0910d34-bower-1-2-8 bower@1.2.8
36 silly lockFile f0910d34-bower-1-2-8 bower@1.2.8
37 silly lockFile 1240aab1-bower bower@
38 silly lockFile 1240aab1-bower bower@
39 error Error: EACCES, mkdir '/home/ezequely/tmp/npm-3226-RNitFQPr'
39 error  { [Error: EACCES, mkdir '/home/ezequely/tmp/npm-3226-RNitFQPr']
39 error   errno: 3,
39 error   code: 'EACCES',
39 error   path: '/home/ezequely/tmp/npm-3226-RNitFQPr' }
40 error Please try running this command again as root/Administrator.
41 error System Linux 3.11.0-17-generic
42 error command "/usr/bin/node" "/usr/bin/npm" "install" "-g" "bower"
43 error cwd /home/ezequely/iStim-ranking
44 error node -v v0.10.26
45 error npm -v 1.4.3
46 error path /home/ezequely/tmp/npm-3226-RNitFQPr
47 error code EACCES
48 error errno 3
49 error stack Error: EACCES, mkdir '/home/ezequely/tmp/npm-3226-RNitFQPr'
50 verbose exit [ 3, true ]
